c:\users\felix\documents\studium\programmieren\tetris\tetris\debug\vc140.pdb
c:\users\felix\documents\studium\programmieren\tetris\tetris\debug\vc140.idb
c:\users\felix\documents\studium\programmieren\tetris\tetris\debug\gamefunctions_zei.obj
c:\users\felix\documents\studium\programmieren\tetris\tetris\debug\gameloop_wei.obj
c:\users\felix\documents\studium\programmieren\tetris\tetris\debug\spielfeld_loh.obj
c:\users\felix\documents\studium\programmieren\tetris\tetris\debug\spielfiguren.obj
c:\users\felix\documents\studium\programmieren\tetris\tetris\debug\tetris.obj
c:\users\felix\documents\studium\programmieren\tetris\debug\tetris.ilk
c:\users\felix\documents\studium\programmieren\tetris\debug\tetris.exe
c:\users\felix\documents\studium\programmieren\tetris\debug\tetris.pdb
c:\users\zeitl\documents\tetris\tetris\debug\gamefunctions_zei.obj
c:\users\zeitl\documents\tetris\tetris\debug\gameloop_wei.obj
c:\users\zeitl\documents\tetris\tetris\debug\spielfeld_loh.obj
c:\users\zeitl\documents\tetris\tetris\debug\spielfiguren.obj
c:\users\zeitl\documents\tetris\tetris\debug\tetris.obj
c:\users\zeitl\documents\tetris\tetris\debug\vc140.idb
c:\users\zeitl\documents\tetris\tetris\debug\vc140.pdb
c:\users\zeitl\documents\tetris\debug\tetris.pdb
c:\users\zeitl\documents\tetris\debug\tetris.exe
c:\users\zeitl\documents\tetris\debug\tetris.ilk
c:\users\zeitl\documents\tetris\tetris\debug\tetris.tlog\cl.command.1.tlog
c:\users\zeitl\documents\tetris\tetris\debug\tetris.tlog\cl.read.1.tlog
c:\users\zeitl\documents\tetris\tetris\debug\tetris.tlog\cl.write.1.tlog
c:\users\zeitl\documents\tetris\tetris\debug\tetris.tlog\link.command.1.tlog
c:\users\zeitl\documents\tetris\tetris\debug\tetris.tlog\link.read.1.tlog
c:\users\zeitl\documents\tetris\tetris\debug\tetris.tlog\link.write.1.tlog
